<?xml version="1.0" encoding="UTF-8"?>
<!-- Generated by org.testng.reporters.JUnitXMLReporter -->
<testsuite ignored="0" hostname="AASHYD-4B6B2X2" failures="0" tests="16" name="Default test" time="273.286" errors="0" timestamp="2023-12-08T15:53:53 IST">
  <testcase classname="com.avsQual.testcases.AvsQualFlowTest_AllCases" name="AVS_QualFlowWithAllCondition" time="0.009"/>
  <testcase classname="com.avsQual.testcases.AvsQualFlowTest_AllCases" name="AVS_QualFlowWithAllCondition" time="0.001"/>
  <testcase classname="com.avsQual.testcases.AvsQualFlowTest_AllCases" name="AVS_QualFlowWithAllCondition" time="0.0"/>
  <testcase classname="com.avsQual.testcases.AvsQualFlowTest_AllCases" name="AVS_QualFlowWithAllCondition" time="0.001"/>
  <testcase classname="com.avsQual.testcases.AvsQualFlowTest_AllCases" name="AVS_QualFlowWithAllCondition" time="0.001"/>
  <testcase classname="com.avsQual.testcases.AvsQualFlowTest_AllCases" name="AVS_QualFlowWithAllCondition" time="0.001"/>
  <testcase classname="com.avsQual.testcases.AvsQualFlowTest_AllCases" name="AVS_QualFlowWithAllCondition" time="0.001"/>
  <testcase classname="com.avsQual.testcases.AvsQualFlowTest_AllCases" name="AVS_QualFlowWithAllCondition" time="0.001"/>
  <testcase classname="com.avsQual.testcases.AvsQualFlowTest_AllCases" name="AVS_QualFlowWithAllCondition" time="0.002"/>
  <testcase classname="com.avsQual.testcases.AvsQualFlowTest_AllCases" name="AVS_QualFlowWithAllCondition" time="0.001"/>
  <testcase classname="com.avsQual.testcases.AvsQualFlowTest_AllCases" name="AVS_QualFlowWithAllCondition" time="0.001"/>
  <testcase classname="com.avsQual.testcases.AvsQualFlowTest_AllCases" name="AVS_QualFlowWithAllCondition" time="0.002"/>
  <testcase classname="com.avsQual.testcases.AvsQualFlowTest_AllCases" name="AVS_QualFlowWithAllCondition" time="0.001"/>
  <testcase classname="com.avsQual.testcases.AvsQualFlowTest_AllCases" name="AVS_QualFlowWithAllCondition" time="0.001"/>
  <testcase classname="com.avsQual.testcases.AvsQualFlowTest_AllCases" name="AVS_QualFlowWithAllCondition" time="0.001"/>
  <testcase classname="com.avsQual.testcases.AvsQualFlowTest_AllCases" name="AVS_QualFlowWithAllCondition" time="0.001"/>
</testsuite> <!-- Default test -->
