<?xml version="1.0" encoding="UTF-8"?>
<testng-results ignored="0" total="1" passed="1" failed="0" skipped="0">
  <reporter-output>
  </reporter-output>
  <suite started-at="2023-12-01T13:01:11 IST" name="Default suite" finished-at="2023-12-01T13:04:47 IST" duration-ms="215592">
    <groups>
    </groups>
    <test started-at="2023-12-01T13:01:11 IST" name="Default test" finished-at="2023-12-01T13:04:47 IST" duration-ms="215592">
      <class name="com.avsQual.testcases.AvsQualFlow_FromScratch">
        <test-method is-config="true" signature="PreSetup()[pri:0, instance:com.avsQual.testcases.AvsQualFlow_FromScratch@4b8ee4de]" started-at="2023-12-01T13:01:11 IST" name="PreSetup" finished-at="2023-12-01T13:04:23 IST" duration-ms="191523" status="PASS">
          <reporter-output>
          </reporter-output>
        </test-method> <!-- PreSetup -->
        <test-method is-config="true" signature="Setup()[pri:0, instance:com.avsQual.testcases.AvsQualFlow_FromScratch@4b8ee4de]" started-at="2023-12-01T13:04:23 IST" name="Setup" finished-at="2023-12-01T13:04:41 IST" duration-ms="17811" status="PASS">
          <reporter-output>
          </reporter-output>
        </test-method> <!-- Setup -->
        <test-method signature="AVSQF(java.lang.String,java.lang.String,java.lang.String,java.lang.String,java.lang.String)[pri:0, instance:com.avsQual.testcases.AvsQualFlow_FromScratch@4b8ee4de]" started-at="2023-12-01T13:04:41 IST" name="AVSQF" data-provider="AVSQF" finished-at="2023-12-01T13:04:46 IST" duration-ms="5206" status="PASS">
          <params>
            <param index="0">
              <value>
                <![CDATA[Amphenol]]>
              </value>
            </param>
            <param index="1">
              <value>
                <![CDATA[Case1]]>
              </value>
            </param>
            <param index="2">
              <value>
                <![CDATA[10.17.18.152]]>
              </value>
            </param>
            <param index="3">
              <value>
                <![CDATA[Ethernet IP-- 10.17.18.152]]>
              </value>
            </param>
            <param index="4">
              <value>
                <![CDATA[46.0]]>
              </value>
            </param>
          </params>
          <reporter-output>
          </reporter-output>
        </test-method> <!-- AVSQF -->
        <test-method is-config="true" signature="Teardown(org.testng.ITestResult)[pri:0, instance:com.avsQual.testcases.AvsQualFlow_FromScratch@4b8ee4de]" started-at="2023-12-01T13:04:46 IST" name="Teardown" finished-at="2023-12-01T13:04:46 IST" duration-ms="48" status="PASS">
          <params>
            <param index="0">
              <value>
                <![CDATA[[TestResult name=AVSQF status=SUCCESS method=AvsQualFlow_FromScratch.AVSQF(java.lang.String,java.lang.String,java.lang.String,java.lang.String,java.lang.String)[pri:0, instance:com.avsQual.testcases.AvsQualFlow_FromScratch@4b8ee4de] output={null}]]]>
              </value>
            </param>
          </params>
          <reporter-output>
          </reporter-output>
        </test-method> <!-- Teardown -->
        <test-method is-config="true" signature="endReport_releaseMomory()[pri:0, instance:com.avsQual.testcases.AvsQualFlow_FromScratch@4b8ee4de]" started-at="2023-12-01T13:04:46 IST" name="endReport_releaseMomory" finished-at="2023-12-01T13:04:47 IST" duration-ms="425" status="PASS">
          <reporter-output>
          </reporter-output>
        </test-method> <!-- endReport_releaseMomory -->
      </class> <!-- com.avsQual.testcases.AvsQualFlow_FromScratch -->
    </test> <!-- Default test -->
  </suite> <!-- Default suite -->
</testng-results>
